<?xml version="1.0" encoding="utf-8"?><testsuites><testsuite errors="0" failures="0" hostname="alexandre" name="pytest" skipped="0" tests="7" time="0.968" timestamp="2020-05-25T16:14:24.544122"><testcase classname="test_main" file="test_main.py" line="3" name="test_convert_celsius_to_fahrenheit_expected_inputs[62]" time="0.001"></testcase><testcase classname="test_main" file="test_main.py" line="3" name="test_convert_celsius_to_fahrenheit_expected_inputs[80]" time="0.001"></testcase><testcase classname="test_main" file="test_main.py" line="3" name="test_convert_celsius_to_fahrenheit_expected_inputs[40]" time="0.001"></testcase><testcase classname="test_main" file="test_main.py" line="9" name="test_convert_celsius_to_fahrenheit_wrong_type_inputs[a]" time="0.004"></testcase><testcase classname="test_main" file="test_main.py" line="9" name="test_convert_celsius_to_fahrenheit_wrong_type_inputs[None]" time="0.001"></testcase><testcase classname="test_main" file="test_main.py" line="14" name="test_get_weather_data_correct_url" time="0.594"></testcase><testcase classname="test_main" file="test_main.py" line="24" name="test_get_weather_data_url_not_found" time="0.217"></testcase></testsuite></testsuites>