<?xml version="1.0" encoding="utf-8"?><testsuite errors="0" failures="0" name="pytest" skips="0" tests="6" time="0.411"><testcase classname="test_submit.TestChallenge9" file="test_submit.py" line="22" name="test_agent" time="0.01305079460144043"></testcase><testcase classname="test_submit.TestChallenge9" file="test_submit.py" line="30" name="test_event" time="0.0042269229888916016"></testcase><testcase classname="test_submit.TestChallenge9" file="test_submit.py" line="38" name="test_event1" time="0.006608724594116211"></testcase><testcase classname="test_submit.TestChallenge9" file="test_submit.py" line="26" name="test_group" time="0.005692720413208008"></testcase><testcase classname="test_submit.TestChallenge9" file="test_submit.py" line="17" name="test_user" time="0.008296966552734375"></testcase><testcase classname="test_submit.TestChallenge9" file="test_submit.py" line="42" name="test_user_group" time="0.008962869644165039"></testcase></testsuite>